<?xml version="1.0" encoding="UTF-8" ?>
<testsuite tests="7" failures="0" name="queryrunner.QueryRunnerCRUDTest" time="0.061" errors="3" skipped="0">
  <properties>
[...]
</properties>
  <testcase classname="queryrunner.QueryRunnerCRUDTest" name="delete" time="0.03"/>
  <testcase classname="queryrunner.QueryRunnerCRUDTest" name="testBatch" time="0.008">
    <error message="无效的列类型 Query: insert into users(name,password,email,birthday) values(?,?,?,?) Parameters: [[aa0, 123, aa@sina.com, Wed Aug 09 10:51:03 CST 2017], [aa1, 123, aa@sina.com, Wed Aug 09 10:51:03 CST 2017], [aa2, 123, aa@sina.com, Wed Aug 09 10:51:03 CST 2017], [aa3, 123, aa@sina.com, Wed Aug 09 10:51:03 CST 2017], [aa4, 123, aa@sina.com, Wed Aug 09 10:51:03 CST 2017], [aa5, 123, aa@sina.com, Wed Aug 09 10:51:03 CST 2017], [aa6, 123, aa@sina.com, Wed Aug 09 10:51:03 CST 2017], [aa7, 123, aa@sina.com, Wed Aug 09 10:51:03 CST 2017], [aa8, 123, aa@sina.com, Wed Aug 09 10:51:03 CST 2017], [aa9, 123, aa@sina.com, Wed Aug 09 10:51:03 CST 2017]]" type="java.sql.SQLException">java.sql.SQLException: 无效的列类型 Query: insert into users(name,password,email,birthday) values(?,?,?,?) Parameters: [[aa0, 123, aa@sina.com, Wed Aug 09 10:51:03 CST 2017], [aa1, 123, aa@sina.com, Wed Aug 09 10:51:03 CST 2017], [aa2, 123, aa@sina.com, Wed Aug 09 10:51:03 CST 2017], [aa3, 123, aa@sina.com, Wed Aug 09 10:51:03 CST 2017], [aa4, 123, aa@sina.com, Wed Aug 09 10:51:03 CST 2017], [aa5, 123, aa@sina.com, Wed Aug 09 10:51:03 CST 2017], [aa6, 123, aa@sina.com, Wed Aug 09 10:51:03 CST 2017], [aa7, 123, aa@sina.com, Wed Aug 09 10:51:03 CST 2017], [aa8, 123, aa@sina.com, Wed Aug 09 10:51:03 CST 2017], [aa9, 123, aa@sina.com, Wed Aug 09 10:51:03 CST 2017]]
	at org.apache.commons.dbutils.AbstractQueryRunner.rethrow(AbstractQueryRunner.java:527)
	at org.apache.commons.dbutils.QueryRunner.batch(QueryRunner.java:195)
	at org.apache.commons.dbutils.QueryRunner.batch(QueryRunner.java:151)
	at queryrunner.QueryRunnerCRUDTest.testBatch(QueryRunnerCRUDTest.java:113)
	at sun.reflect.NativeMethodAccessorImpl.invoke0(Native Method)
	at sun.reflect.NativeMethodAccessorImpl.invoke(NativeMethodAccessorImpl.java:62)
	at sun.reflect.DelegatingMethodAccessorImpl.invoke(DelegatingMethodAccessorImpl.java:43)
	at java.lang.reflect.Method.invoke(Method.java:498)
	at org.junit.runners.model.FrameworkMethod$1.runReflectiveCall(FrameworkMethod.java:50)
	at org.junit.internal.runners.model.ReflectiveCallable.run(ReflectiveCallable.java:12)
	at org.junit.runners.model.FrameworkMethod.invokeExplosively(FrameworkMethod.java:47)
	at org.junit.internal.runners.statements.InvokeMethod.evaluate(InvokeMethod.java:17)
	at org.junit.runners.ParentRunner.runLeaf(ParentRunner.java:325)
	at org.junit.runners.BlockJUnit4ClassRunner.runChild(BlockJUnit4ClassRunner.java:78)
	at org.junit.runners.BlockJUnit4ClassRunner.runChild(BlockJUnit4ClassRunner.java:57)
	at org.junit.runners.ParentRunner$3.run(ParentRunner.java:290)
	at org.junit.runners.ParentRunner$1.schedule(ParentRunner.java:71)
	at org.junit.runners.ParentRunner.runChildren(ParentRunner.java:288)
	at org.junit.runners.ParentRunner.access$000(ParentRunner.java:58)
	at org.junit.runners.ParentRunner$2.evaluate(ParentRunner.java:268)
	at org.junit.runners.ParentRunner.run(ParentRunner.java:363)
	at org.apache.maven.surefire.junit4.JUnit4Provider.execute(JUnit4Provider.java:252)
	at org.apache.maven.surefire.junit4.JUnit4Provider.executeTestSet(JUnit4Provider.java:141)
	at org.apache.maven.surefire.junit4.JUnit4Provider.invoke(JUnit4Provider.java:112)
	at sun.reflect.NativeMethodAccessorImpl.invoke0(Native Method)
	at sun.reflect.NativeMethodAccessorImpl.invoke(NativeMethodAccessorImpl.java:62)
	at sun.reflect.DelegatingMethodAccessorImpl.invoke(DelegatingMethodAccessorImpl.java:43)
	at java.lang.reflect.Method.invoke(Method.java:498)
	at org.apache.maven.surefire.util.ReflectionUtils.invokeMethodWithArray(ReflectionUtils.java:189)
	at org.apache.maven.surefire.booter.ProviderFactory$ProviderProxy.invoke(ProviderFactory.java:165)
	at org.apache.maven.surefire.booter.ProviderFactory.invokeProvider(ProviderFactory.java:85)
	at org.apache.maven.surefire.booter.ForkedBooter.runSuitesInProcess(ForkedBooter.java:115)
	at org.apache.maven.surefire.booter.ForkedBooter.main(ForkedBooter.java:75)
</error>
  </testcase>
  <testcase classname="queryrunner.QueryRunnerCRUDTest" name="testclob" time="0">
    <error type="java.lang.NullPointerException">java.lang.NullPointerException
	at queryrunner.QueryRunnerCRUDTest.testclob(QueryRunnerCRUDTest.java:122)
	at sun.reflect.NativeMethodAccessorImpl.invoke0(Native Method)
	at sun.reflect.NativeMethodAccessorImpl.invoke(NativeMethodAccessorImpl.java:62)
	at sun.reflect.DelegatingMethodAccessorImpl.invoke(DelegatingMethodAccessorImpl.java:43)
	at java.lang.reflect.Method.invoke(Method.java:498)
	at org.junit.runners.model.FrameworkMethod$1.runReflectiveCall(FrameworkMethod.java:50)
	at org.junit.internal.runners.model.ReflectiveCallable.run(ReflectiveCallable.java:12)
	at org.junit.runners.model.FrameworkMethod.invokeExplosively(FrameworkMethod.java:47)
	at org.junit.internal.runners.statements.InvokeMethod.evaluate(InvokeMethod.java:17)
	at org.junit.runners.ParentRunner.runLeaf(ParentRunner.java:325)
	at org.junit.runners.BlockJUnit4ClassRunner.runChild(BlockJUnit4ClassRunner.java:78)
	at org.junit.runners.BlockJUnit4ClassRunner.runChild(BlockJUnit4ClassRunner.java:57)
	at org.junit.runners.ParentRunner$3.run(ParentRunner.java:290)
	at org.junit.runners.ParentRunner$1.schedule(ParentRunner.java:71)
	at org.junit.runners.ParentRunner.runChildren(ParentRunner.java:288)
	at org.junit.runners.ParentRunner.access$000(ParentRunner.java:58)
	at org.junit.runners.ParentRunner$2.evaluate(ParentRunner.java:268)
	at org.junit.runners.ParentRunner.run(ParentRunner.java:363)
	at org.apache.maven.surefire.junit4.JUnit4Provider.execute(JUnit4Provider.java:252)
	at org.apache.maven.surefire.junit4.JUnit4Provider.executeTestSet(JUnit4Provider.java:141)
	at org.apache.maven.surefire.junit4.JUnit4Provider.invoke(JUnit4Provider.java:112)
	at sun.reflect.NativeMethodAccessorImpl.invoke0(Native Method)
	at sun.reflect.NativeMethodAccessorImpl.invoke(NativeMethodAccessorImpl.java:62)
	at sun.reflect.DelegatingMethodAccessorImpl.invoke(DelegatingMethodAccessorImpl.java:43)
	at java.lang.reflect.Method.invoke(Method.java:498)
	at org.apache.maven.surefire.util.ReflectionUtils.invokeMethodWithArray(ReflectionUtils.java:189)
	at org.apache.maven.surefire.booter.ProviderFactory$ProviderProxy.invoke(ProviderFactory.java:165)
	at org.apache.maven.surefire.booter.ProviderFactory.invokeProvider(ProviderFactory.java:85)
	at org.apache.maven.surefire.booter.ForkedBooter.runSuitesInProcess(ForkedBooter.java:115)
	at org.apache.maven.surefire.booter.ForkedBooter.main(ForkedBooter.java:75)
</error>
  </testcase>
  <testcase classname="queryrunner.QueryRunnerCRUDTest" name="update" time="0"/>
  <testcase classname="queryrunner.QueryRunnerCRUDTest" name="findUserById" time="0.016"/>
  <testcase classname="queryrunner.QueryRunnerCRUDTest" name="findAllUser" time="0.006"/>
  <testcase classname="queryrunner.QueryRunnerCRUDTest" name="add" time="0.001">
    <error message="无效的列类型 Query: insert into users(name,password,email,birthday) values(?,?,?,?) Parameters: [钢背猪☣, 123, gacl@sina.com, Wed Aug 09 10:51:03 CST 2017]" type="java.sql.SQLException">java.sql.SQLException: 无效的列类型 Query: insert into users(name,password,email,birthday) values(?,?,?,?) Parameters: [钢背猪☣, 123, gacl@sina.com, Wed Aug 09 10:51:03 CST 2017]
	at org.apache.commons.dbutils.AbstractQueryRunner.rethrow(AbstractQueryRunner.java:527)
	at org.apache.commons.dbutils.QueryRunner.update(QueryRunner.java:531)
	at org.apache.commons.dbutils.QueryRunner.update(QueryRunner.java:497)
	at queryrunner.QueryRunnerCRUDTest.add(QueryRunnerCRUDTest.java:36)
	at sun.reflect.NativeMethodAccessorImpl.invoke0(Native Method)
	at sun.reflect.NativeMethodAccessorImpl.invoke(NativeMethodAccessorImpl.java:62)
	at sun.reflect.DelegatingMethodAccessorImpl.invoke(DelegatingMethodAccessorImpl.java:43)
	at java.lang.reflect.Method.invoke(Method.java:498)
	at org.junit.runners.model.FrameworkMethod$1.runReflectiveCall(FrameworkMethod.java:50)
	at org.junit.internal.runners.model.ReflectiveCallable.run(ReflectiveCallable.java:12)
	at org.junit.runners.model.FrameworkMethod.invokeExplosively(FrameworkMethod.java:47)
	at org.junit.internal.runners.statements.InvokeMethod.evaluate(InvokeMethod.java:17)
	at org.junit.runners.ParentRunner.runLeaf(ParentRunner.java:325)
	at org.junit.runners.BlockJUnit4ClassRunner.runChild(BlockJUnit4ClassRunner.java:78)
	at org.junit.runners.BlockJUnit4ClassRunner.runChild(BlockJUnit4ClassRunner.java:57)
	at org.junit.runners.ParentRunner$3.run(ParentRunner.java:290)
	at org.junit.runners.ParentRunner$1.schedule(ParentRunner.java:71)
	at org.junit.runners.ParentRunner.runChildren(ParentRunner.java:288)
	at org.junit.runners.ParentRunner.access$000(ParentRunner.java:58)
	at org.junit.runners.ParentRunner$2.evaluate(ParentRunner.java:268)
	at org.junit.runners.ParentRunner.run(ParentRunner.java:363)
	at org.apache.maven.surefire.junit4.JUnit4Provider.execute(JUnit4Provider.java:252)
	at org.apache.maven.surefire.junit4.JUnit4Provider.executeTestSet(JUnit4Provider.java:141)
	at org.apache.maven.surefire.junit4.JUnit4Provider.invoke(JUnit4Provider.java:112)
	at sun.reflect.NativeMethodAccessorImpl.invoke0(Native Method)
	at sun.reflect.NativeMethodAccessorImpl.invoke(NativeMethodAccessorImpl.java:62)
	at sun.reflect.DelegatingMethodAccessorImpl.invoke(DelegatingMethodAccessorImpl.java:43)
	at java.lang.reflect.Method.invoke(Method.java:498)
	at org.apache.maven.surefire.util.ReflectionUtils.invokeMethodWithArray(ReflectionUtils.java:189)
	at org.apache.maven.surefire.booter.ProviderFactory$ProviderProxy.invoke(ProviderFactory.java:165)
	at org.apache.maven.surefire.booter.ProviderFactory.invokeProvider(ProviderFactory.java:85)
	at org.apache.maven.surefire.booter.ForkedBooter.runSuitesInProcess(ForkedBooter.java:115)
	at org.apache.maven.surefire.booter.ForkedBooter.main(ForkedBooter.java:75)
</error>
  </testcase>
</testsuite>